<?xml version="1.0" encoding="UTF-8"?>
<!-- Generated by org.testng.reporters.JUnitReportReporter -->
<testsuite hostname="Saurabhs-MacBook-Pro.local" failures="0" tests="1" name="demoDay5.TestShape" time="47.585" errors="0" timestamp="2022-06-09T16:35:40 IST" skipped="0">
  <testcase classname="demoDay5.TestShape" name="verifyShape" time="47.585"/>
  <system-out/>
</testsuite> <!-- demoDay5.TestShape -->
