<?xml version="1.0" encoding="UTF-8"?>
<!-- Generated by org.testng.reporters.JUnitReportReporter -->
<testsuite hostname="Saurabhs-MacBook-Pro.local" failures="0" tests="1" name="demoDay5.TestCar" time="0.035" errors="0" timestamp="2022-06-09T15:47:36 IST" skipped="0">
  <testcase classname="demoDay5.TestCar" name="verifyCarObjectAccess" time="0.035"/>
  <system-out/>
</testsuite> <!-- demoDay5.TestCar -->
