<?xml version="1.0" encoding="UTF-8"?>
<!-- Generated by org.testng.reporters.JUnitReportReporter -->
<testsuite hostname="Saurabhs-MacBook-Pro.local" failures="0" tests="1" name="demoDay2.TestWorkingWithChrome" time="13.607" errors="0" timestamp="2022-06-02T15:19:42 IST" skipped="0">
  <testcase classname="demoDay2.TestWorkingWithChrome" name="verifyHomepage" time="13.607"/>
  <system-out/>
</testsuite> <!-- demoDay2.TestWorkingWithChrome -->
