<?xml version="1.0" encoding="UTF-8"?>
<!-- Generated by org.testng.reporters.JUnitReportReporter -->
<testsuite hostname="Saurabhs-MacBook-Pro.local" failures="0" tests="1" name="demoDay6.TestEmployee" time="0.009" errors="0" timestamp="2022-06-10T14:58:49 IST" skipped="0">
  <testcase classname="demoDay6.TestEmployee" name="verifyEmployee" time="0.009"/>
  <system-out/>
</testsuite> <!-- demoDay6.TestEmployee -->
