<?xml version="1.0" encoding="UTF-8"?>
<!-- Generated by org.testng.reporters.JUnitReportReporter -->
<testsuite hostname="Saurabhs-MacBook-Pro.local" failures="0" tests="1" name="day4.AlertHandlingTest" time="14.069" errors="0" timestamp="2022-06-03T16:36:46 IST" skipped="0">
  <testcase classname="day4.AlertHandlingTest" name="verifyAlerts" time="14.069"/>
  <system-out/>
</testsuite> <!-- day4.AlertHandlingTest -->
