<?xml version="1.0" encoding="UTF-8"?>
<!-- Generated by org.testng.reporters.JUnitReportReporter -->
<testsuite hostname="Saurabhs-MacBook-Pro.local" failures="0" tests="1" name="demoDay5.TestEmployee" time="0.013" errors="0" timestamp="2022-06-09T14:54:28 IST" skipped="0">
  <testcase classname="demoDay5.TestEmployee" name="verifyEmployeeAccess" time="0.013"/>
  <system-out/>
</testsuite> <!-- demoDay5.TestEmployee -->
