<?xml version="1.0" encoding="UTF-8"?>
<!-- Generated by org.testng.reporters.JUnitReportReporter -->
<testsuite hostname="Saurabhs-MacBook-Pro.local" failures="0" tests="1" name="demoDay6.LinkedListExample" time="0.014" errors="0" timestamp="2022-06-10T17:13:30 IST" skipped="0">
  <testcase classname="demoDay6.LinkedListExample" name="verifyList" time="0.014"/>
  <system-out/>
</testsuite> <!-- demoDay6.LinkedListExample -->
