<?xml version="1.0" encoding="UTF-8"?>
<!-- Generated by org.testng.reporters.JUnitReportReporter -->
<testsuite hostname="Saurabhs-MacBook-Pro.local" failures="0" tests="1" name="amazonProject.AmazonTest" time="59.264" errors="0" timestamp="2022-06-03T15:27:33 IST" skipped="0">
  <testcase classname="amazonProject.AmazonTest" name="verifySearchProduct" time="59.264"/>
  <system-out/>
</testsuite> <!-- amazonProject.AmazonTest -->
