<?xml version="1.0" encoding="UTF-8"?>
<!-- Generated by org.testng.reporters.JUnitReportReporter -->
<testsuite hostname="Saurabhs-MacBook-Pro.local" failures="0" tests="1" name="demoDay1.DemoTest" time="0.008" errors="0" timestamp="2022-05-26T17:25:16 IST" skipped="0">
  <testcase classname="demoDay1.DemoTest" name="test1" time="0.008"/>
  <system-out/>
</testsuite> <!-- demoDay1.DemoTest -->
