<?xml version="1.0" encoding="UTF-8"?>
<!-- Generated by org.testng.reporters.JUnitReportReporter -->
<testsuite hostname="Saurabhs-MacBook-Pro.local" failures="0" tests="1" name="demoDay6.TestExceptionHandling" time="0.020" errors="0" timestamp="2022-06-10T16:05:24 IST" skipped="0">
  <testcase classname="demoDay6.TestExceptionHandling" name="verifyExceptionHandling1" time="0.020"/>
  <system-out/>
</testsuite> <!-- demoDay6.TestExceptionHandling -->
