<?xml version="1.0" encoding="UTF-8"?>
<!-- Generated by org.testng.reporters.JUnitReportReporter -->
<testsuite hostname="Saurabhs-MacBook-Pro.local" failures="0" tests="1" name="demoDay2.TestEmployee" time="0.011" errors="0" timestamp="2022-05-27T16:07:16 IST" skipped="0">
  <testcase classname="demoDay2.TestEmployee" name="testDefaultValues" time="0.011"/>
  <system-out/>
</testsuite> <!-- demoDay2.TestEmployee -->
