<?xml version="1.0" encoding="UTF-8"?>
<!-- Generated by org.testng.reporters.JUnitReportReporter -->
<testsuite hostname="Saurabhs-MacBook-Pro.local" failures="0" tests="1" name="demoDay6.ExceptionHandlingExample" time="0.008" errors="0" timestamp="2022-06-10T15:54:50 IST" skipped="0">
  <testcase classname="demoDay6.ExceptionHandlingExample" name="verifyExceptionHandling" time="0.008"/>
  <system-out/>
</testsuite> <!-- demoDay6.ExceptionHandlingExample -->
